0 info it worked if it ends with ok
1 verbose cli [ '/usr/local/bin/node',
1 verbose cli   '/usr/local/bin/npm',
1 verbose cli   'install',
1 verbose cli   '-g',
1 verbose cli   'bower' ]
2 info using npm@2.14.12
3 info using node@v4.3.1
4 verbose install initial load of /usr/local/lib/package.json
5 verbose readDependencies loading dependencies from /usr/local/lib/package.json
6 silly cache add args [ 'bower', null ]
7 verbose cache add spec bower
8 silly cache add parsed spec Result {
8 silly cache add   raw: 'bower',
8 silly cache add   scope: null,
8 silly cache add   name: 'bower',
8 silly cache add   rawSpec: '',
8 silly cache add   spec: 'latest',
8 silly cache add   type: 'tag' }
9 silly addNamed bower@latest
10 verbose addNamed "latest" is being treated as a dist-tag for bower
11 info addNameTag [ 'bower', 'latest' ]
12 silly mapToRegistry name bower
13 silly mapToRegistry using default registry
14 silly mapToRegistry registry https://registry.npmjs.org/
15 silly mapToRegistry uri https://registry.npmjs.org/bower
16 verbose addNameTag registry:https://registry.npmjs.org/bower not in flight; fetching
17 verbose request uri https://registry.npmjs.org/bower
18 verbose request no auth needed
19 info attempt registry request try #1 at 5:17:05 PM
20 verbose request id c8c32b44abf9ca92
21 verbose etag "436L91KMSESJZBW3CE6OPN7NO"
22 http request GET https://registry.npmjs.org/bower
23 http 200 https://registry.npmjs.org/bower
24 verbose headers { server: 'CouchDB/1.5.0 (Erlang OTP/R16B03)',
24 verbose headers   etag: '"9IW84AVLMHAFMQ4HHCXA5RZJT"',
24 verbose headers   'content-type': 'application/json',
24 verbose headers   'content-encoding': 'gzip',
24 verbose headers   'cache-control': 'max-age=300',
24 verbose headers   'content-length': '20293',
24 verbose headers   'accept-ranges': 'bytes',
24 verbose headers   date: 'Thu, 07 Apr 2016 00:17:05 GMT',
24 verbose headers   via: '1.1 varnish',
24 verbose headers   age: '188',
24 verbose headers   connection: 'keep-alive',
24 verbose headers   'x-served-by': 'cache-sjc3125-SJC',
24 verbose headers   'x-cache': 'HIT',
24 verbose headers   'x-cache-hits': '4',
24 verbose headers   'x-timer': 'S1459988225.679580,VS0,VE0',
24 verbose headers   vary: 'Accept-Encoding' }
25 silly get cb [ 200,
25 silly get   { server: 'CouchDB/1.5.0 (Erlang OTP/R16B03)',
25 silly get     etag: '"9IW84AVLMHAFMQ4HHCXA5RZJT"',
25 silly get     'content-type': 'application/json',
25 silly get     'content-encoding': 'gzip',
25 silly get     'cache-control': 'max-age=300',
25 silly get     'content-length': '20293',
25 silly get     'accept-ranges': 'bytes',
25 silly get     date: 'Thu, 07 Apr 2016 00:17:05 GMT',
25 silly get     via: '1.1 varnish',
25 silly get     age: '188',
25 silly get     connection: 'keep-alive',
25 silly get     'x-served-by': 'cache-sjc3125-SJC',
25 silly get     'x-cache': 'HIT',
25 silly get     'x-cache-hits': '4',
25 silly get     'x-timer': 'S1459988225.679580,VS0,VE0',
25 silly get     vary: 'Accept-Encoding' } ]
26 verbose get saving bower to /Users/Nikki/.npm/registry.npmjs.org/bower/.cache.json
27 silly addNameTag next cb for bower with tag latest
28 silly addNamed bower@1.7.9
29 verbose addNamed "1.7.9" is a plain semver version for bower
30 silly mapToRegistry name bower
31 silly mapToRegistry using default registry
32 silly mapToRegistry registry https://registry.npmjs.org/
33 silly mapToRegistry uri https://registry.npmjs.org/bower
34 verbose addRemoteTarball https://registry.npmjs.org/bower/-/bower-1.7.9.tgz not in flight; adding
35 verbose addRemoteTarball [ 'https://registry.npmjs.org/bower/-/bower-1.7.9.tgz',
35 verbose addRemoteTarball   'b7296c2393e0d75edaa6ca39648132dd255812b0' ]
36 info retry fetch attempt 1 at 5:17:05 PM
37 info attempt registry request try #1 at 5:17:05 PM
38 http fetch GET https://registry.npmjs.org/bower/-/bower-1.7.9.tgz
39 http fetch 200 https://registry.npmjs.org/bower/-/bower-1.7.9.tgz
40 silly fetchAndShaCheck shasum b7296c2393e0d75edaa6ca39648132dd255812b0
41 verbose addTmpTarball /var/folders/7m/k6kjf0t53f3022qbh_jxx6gw0000gn/T/npm-19505-c9e5f48c/registry.npmjs.org/bower/-/bower-1.7.9.tgz not in flight; adding
42 verbose addTmpTarball already have metadata; skipping unpack for bower@1.7.9
43 silly cache afterAdd bower@1.7.9
44 verbose afterAdd /Users/Nikki/.npm/bower/1.7.9/package/package.json not in flight; writing
45 verbose afterAdd /Users/Nikki/.npm/bower/1.7.9/package/package.json written
46 silly install resolved [ { name: 'bower',
46 silly install resolved     version: '1.7.9',
46 silly install resolved     description: 'The browser package manager',
46 silly install resolved     author: { name: 'Twitter' },
46 silly install resolved     license: 'MIT',
46 silly install resolved     repository: { type: 'git', url: 'git+https://github.com/bower/bower.git' },
46 silly install resolved     main: 'lib',
46 silly install resolved     bin: { bower: 'bin/bower' },
46 silly install resolved     homepage: 'http://bower.io',
46 silly install resolved     engines: { node: '>=0.10.0' },
46 silly install resolved     keywords: [ 'bower' ],
46 silly install resolved     files: [ 'bin', 'lib' ],
46 silly install resolved     bugs: { url: 'https://github.com/bower/bower/issues' },
46 silly install resolved     _id: 'bower@1.7.9',
46 silly install resolved     scripts: {},
46 silly install resolved     _shasum: 'b7296c2393e0d75edaa6ca39648132dd255812b0',
46 silly install resolved     _from: 'bower@latest',
46 silly install resolved     _npmVersion: '3.7.3',
46 silly install resolved     _nodeVersion: '5.9.0',
46 silly install resolved     _npmUser: { name: 'sheerun', email: 'sheerun@sher.pl' },
46 silly install resolved     dist:
46 silly install resolved      { shasum: 'b7296c2393e0d75edaa6ca39648132dd255812b0',
46 silly install resolved        tarball: 'https://registry.npmjs.org/bower/-/bower-1.7.9.tgz' },
46 silly install resolved     maintainers:
46 silly install resolved      [ [Object],
46 silly install resolved        [Object],
46 silly install resolved        [Object],
46 silly install resolved        [Object],
46 silly install resolved        [Object],
46 silly install resolved        [Object],
46 silly install resolved        [Object] ],
46 silly install resolved     _npmOperationalInternal:
46 silly install resolved      { host: 'packages-12-west.internal.npmjs.com',
46 silly install resolved        tmp: 'tmp/bower-1.7.9.tgz_1459857239351_0.9720134933013469' },
46 silly install resolved     directories: {},
46 silly install resolved     _resolved: 'https://registry.npmjs.org/bower/-/bower-1.7.9.tgz' } ]
47 info install bower@1.7.9 into /usr/local/lib
48 info installOne bower@1.7.9
49 verbose installOne of bower to /usr/local/lib not in flight; installing
50 verbose lock using /Users/Nikki/.npm/_locks/bower-e8debc5417026b57.lock for /usr/local/lib/node_modules/bower
51 silly install write writing bower 1.7.9 to /usr/local/lib/node_modules/bower
52 verbose unbuild lib/node_modules/bower
53 info preuninstall bower@1.7.7
54 info uninstall bower@1.7.7
55 verbose unbuild rmStuff bower@1.7.7 from /usr/local/lib/node_modules
56 silly gentlyRm /usr/local/bin/bower is being gently removed
57 silly gentlyRm verifying /usr/local is an npm working directory
58 silly gentlyRm containing path /usr/local is under npm's control, in /usr/local
59 silly gentlyRm deletion target /usr/local/bin/bower is under /usr/local
60 verbose gentlyRm vacuuming from /usr/local/bin/bower up to /usr/local
61 silly vacuum-fs removing /usr/local/bin/bower
62 silly vacuum-fs quitting because other entries in /usr/local/bin
63 info postuninstall bower@1.7.7
64 silly gentlyRm /usr/local/lib/node_modules/bower is being purged from base /usr/local
65 verbose gentlyRm don't care about contents; nuking /usr/local/lib/node_modules/bower
66 silly vacuum-fs purging /usr/local/lib/node_modules/bower
67 verbose unlock done using /Users/Nikki/.npm/_locks/bower-e8debc5417026b57.lock for /usr/local/lib/node_modules/bower
68 verbose stack Error: EACCES: permission denied, rmdir '/usr/local/lib/node_modules/bower'
68 verbose stack     at Error (native)
69 verbose cwd /Users/Nikki/Desktop/Explorer_ionic
70 error Darwin 15.4.0
71 error argv "/usr/local/bin/node" "/usr/local/bin/npm" "install" "-g" "bower"
72 error node v4.3.1
73 error npm  v2.14.12
74 error path /usr/local/lib/node_modules/bower
75 error code EACCES
76 error errno -13
77 error syscall rmdir
78 error Error: EACCES: permission denied, rmdir '/usr/local/lib/node_modules/bower'
78 error     at Error (native)
78 error  { [Error: EACCES: permission denied, rmdir '/usr/local/lib/node_modules/bower']
78 error   errno: -13,
78 error   code: 'EACCES',
78 error   syscall: 'rmdir',
78 error   path: '/usr/local/lib/node_modules/bower' }
79 error Please try running this command again as root/Administrator.
80 verbose exit [ -13, true ]
81 verbose unbuild lib/node_modules/bower
82 info preuninstall bower@1.7.7
83 info uninstall bower@1.7.7
84 verbose unbuild rmStuff bower@1.7.7 from /usr/local/lib/node_modules
85 silly gentlyRm /usr/local/bin/bower is being gently removed
86 silly gentlyRm verifying /usr/local is an npm working directory
87 silly gentlyRm containing path /usr/local is under npm's control, in /usr/local
88 silly gentlyRm deletion target /usr/local/bin/bower is under /usr/local
89 verbose gentlyRm vacuuming from /usr/local/bin/bower up to /usr/local
90 info postuninstall bower@1.7.7
91 silly gentlyRm /usr/local/lib/node_modules/bower is being purged from base /usr/local
92 verbose gentlyRm don't care about contents; nuking /usr/local/lib/node_modules/bower
93 silly vacuum-fs purging /usr/local/lib/node_modules/bower
94 error error rolling back Error: EACCES: permission denied, rmdir '/usr/local/lib/node_modules/bower'
94 error error rolling back     at Error (native)
94 error error rolling back  { [Error: EACCES: permission denied, rmdir '/usr/local/lib/node_modules/bower']
94 error error rolling back   errno: -13,
94 error error rolling back   code: 'EACCES',
94 error error rolling back   syscall: 'rmdir',
94 error error rolling back   path: '/usr/local/lib/node_modules/bower' }
